<?xml version="1.0" encoding="UTF-8"?>
<!-- Generated by org.testng.reporters.JUnitReportReporter -->
<testsuite skipped="1" hostname="DT-GANGWARA" name="testcase.NewTest" tests="7" failures="0" timestamp="28 May 2018 11:02:36 GMT" time="6.529" errors="0">
  <testcase name="Browser" time="0.008" classname="testcase.NewTest"/>
  <testcase name="screenshot" time="0.648" classname="testcase.NewTest"/>
  <testcase name="Print" time="0.689" classname="testcase.NewTest"/>
  <testcase name="AboutBSE" time="0.035" classname="testcase.NewTest"/>
  <testcase name="filewrite" time="0.134" classname="testcase.NewTest"/>
  <testcase name="MarketsSubmenu" time="5.015" classname="testcase.NewTest"/>
  <testcase name="DragandDrop" classname="testcase.NewTest">
    <skipped/>
  </testcase> <!-- DragandDrop -->
</testsuite> <!-- testcase.NewTest -->
