<?xml version="1.0" encoding="UTF-8"?>
<!-- Generated by org.testng.reporters.JUnitReportReporter -->
<testsuite skipped="0" hostname="DT-GANGWARA" name="testcase.Getdatafromexcel" tests="4" failures="0" timestamp="04 Jun 2018 06:10:05 GMT" time="0.008" errors="0">
  <testcase name="f" time="0.005" classname="testcase.Getdatafromexcel"/>
  <testcase name="f" time="0.002" classname="testcase.Getdatafromexcel"/>
  <testcase name="f" time="0.000" classname="testcase.Getdatafromexcel"/>
  <testcase name="f" time="0.001" classname="testcase.Getdatafromexcel"/>
</testsuite> <!-- testcase.Getdatafromexcel -->
