<?xml version="1.0" encoding="UTF-8"?>
<!-- Generated by org.testng.reporters.JUnitReportReporter -->
<testsuite skipped="0" hostname="DT-GANGWARA" name="Demojenkin.demoJenkinJobs" tests="1" failures="0" timestamp="15 Jun 2018 06:32:20 GMT" time="0.009" errors="0">
  <testcase name="testjenkins" time="0.009" classname="Demojenkin.demoJenkinJobs"/>
</testsuite> <!-- Demojenkin.demoJenkinJobs -->
