<?xml version="1.0" encoding="UTF-8"?>
<!-- Generated by org.testng.reporters.JUnitReportReporter -->
<testsuite skipped="0" hostname="ajitbiswas-laptop" name="scripts.TestLogin" tests="1" failures="0" timestamp="03 Dec 2017 08:13:20 GMT" time="21.476" errors="0">
  <testcase name="testLogin" time="21.476" classname="scripts.TestLogin"/>
</testsuite> <!-- scripts.TestLogin -->
