<?xml version="1.0" encoding="UTF-8"?>
<!-- Generated by org.testng.reporters.JUnitReportReporter -->
<testsuite skipped="0" hostname="DT-GANGWARA" name="testcase.DBTest" tests="1" failures="0" timestamp="13 Jun 2018 09:26:04 GMT" time="0.302" errors="0">
  <testcase name="test" time="0.302" classname="testcase.DBTest"/>
</testsuite> <!-- testcase.DBTest -->
