<?xml version="1.0" encoding="UTF-8"?>
<!-- Generated by org.testng.reporters.JUnitReportReporter -->
<testsuite skipped="0" hostname="DT-GANGWARA" name="appModule.Sign_In_Action" tests="6" failures="0" timestamp="04 Jun 2018 07:28:04 GMT" time="0.013" errors="0">
  <testcase name="SignIn" time="0.001" classname="appModule.Sign_In_Action"/>
  <testcase name="SignIn" time="0.003" classname="appModule.Sign_In_Action"/>
  <testcase name="SignIn" time="0.004" classname="appModule.Sign_In_Action"/>
  <testcase name="SignIn" time="0.002" classname="appModule.Sign_In_Action"/>
  <testcase name="SignIn" time="0.002" classname="appModule.Sign_In_Action"/>
  <testcase name="SignIn" time="0.001" classname="appModule.Sign_In_Action"/>
</testsuite> <!-- appModule.Sign_In_Action -->
