<?xml version="1.0" encoding="UTF-8"?>
<!-- Generated by org.testng.reporters.JUnitReportReporter -->
<testsuite skipped="0" hostname="SushmaYadav" name="excelFatch.TestDependencyUsingFaceBook" tests="2" failures="0" timestamp="31 May 2018 17:51:45 GMT" time="33.192" errors="0">
  <testcase name="OpenBrowser" time="16.249" classname="excelFatch.TestDependencyUsingFaceBook"/>
  <testcase name="login" time="16.943" classname="excelFatch.TestDependencyUsingFaceBook"/>
</testsuite> <!-- excelFatch.TestDependencyUsingFaceBook -->
