<?xml version="1.0" encoding="UTF-8"?>
<!-- Generated by org.testng.reporters.JUnitReportReporter -->
<testsuite skipped="0" hostname="SushmaYadav" name="excelFatch.NewTest" tests="2" failures="0" timestamp="27 May 2018 09:00:50 GMT" time="0.025" errors="0">
  <testcase name="f2" time="0.013" classname="excelFatch.NewTest"/>
  <testcase name="f" time="0.012" classname="excelFatch.NewTest"/>
</testsuite> <!-- excelFatch.NewTest -->
