<?xml version="1.0" encoding="UTF-8"?>
<!-- Generated by org.testng.reporters.JUnitReportReporter -->
<testsuite skipped="0" hostname="SushmaYadav" name="excelFatch.testNGAttributes" tests="2" failures="0" timestamp="02 Jun 2018 06:31:01 GMT" time="0.053" errors="0">
  <testcase name="e" time="0.049" classname="excelFatch.testNGAttributes"/>
  <testcase name="b" time="0.004" classname="excelFatch.testNGAttributes"/>
</testsuite> <!-- excelFatch.testNGAttributes -->
