<?xml version="1.0" encoding="UTF-8"?>
<!-- Generated by org.testng.reporters.JUnitReportReporter -->
<testsuite skipped="0" hostname="ajitbiswas-laptop" name="scripts.TestLogin" tests="1" failures="0" timestamp="03 Dec 2017 09:32:55 GMT" time="32.896" errors="0">
  <testcase name="testLogin" time="32.896" classname="scripts.TestLogin"/>
</testsuite> <!-- scripts.TestLogin -->
