<?xml version="1.0" encoding="UTF-8"?>
<!-- Generated by org.testng.reporters.JUnitReportReporter -->
<testsuite skipped="0" hostname="DT-GANGWARA" name="testcase.DatabaseTestDemo" tests="1" failures="0" timestamp="12 Jun 2018 11:11:45 GMT" time="0.009" errors="0">
  <testcase name="test" time="0.009" classname="testcase.DatabaseTestDemo"/>
</testsuite> <!-- testcase.DatabaseTestDemo -->
